warning: unused import: `ProducerPayload`
 --> src/main.rs:4:94
  |
4 | ...e, Produ...yload, R...
  |       ^^^^^...^^^^^
  |
  = note: `#[warn(unused_imports)]` (part of `#[warn(unused)]`) on by default

warning: value assigned to `is_leader` is never read
   --> src/main.rs:278:41
    |
278 | ...et mut is_leader = false;
    |                       ^^^^^ this value is reassigned later and never used
...
282 | ...   is_le...eader;
    |       -----...----- `is_leader` is overwritten here before the previous value is read
    |
    = note: `#[warn(unused_assignments)]` (part of `#[warn(unused)]`) on by default

warning: value assigned to `term` is never read
   --> src/main.rs:279:36
    |
279 | ...et mut term = 0;
    |                  ^ this value is reassigned later and never used
...
283 | ...   term ..._term;
    |       -----...----- `term` is overwritten here before the previous value is read

warning: `corestream` (bin "corestream") generated 3 warnings (run `cargo fix --bin "corestream" -p corestream` to apply 1 suggestion)
    Finished `dev` profile [unoptimized + debuginfo] target(s) in 0.09s
     Running `target/debug/corestream --node-id 3 --port 9094 --peers '127.0.0.1:9092,127.0.0.1:9093'`
CoreStream Node 3 starting on 127.0.0.1:9094
[Node 3] REPLICATED 1 logs from Leader 1 to disk!
[Node 3] REPLICATED 2 logs from Leader 1 to disk!
[Node 3] REPLICATED 3 logs from Leader 1 to disk!
[Node 3] REPLICATED 4 logs from Leader 1 to disk!
[Node 3] REPLICATED 5 logs from Leader 1 to disk!
